#
# There is insufficient memory for the Java Runtime Environment to continue.
# Native memory allocation (malloc) failed to allocate 1721904 bytes for Chunk::new
# Possible reasons:
#   The system is out of physical RAM or swap space
#   The process is running with CompressedOops enabled, and the Java Heap may be blocking the growth of the native heap
# Possible solutions:
#   Reduce memory load on the system
#   Increase physical memory or swap space
#   Check if swap backing store is full
#   Decrease Java heap size (-Xmx/-Xms)
#   Decrease number of Java threads
#   Decrease Java thread stack sizes (-Xss)
#   Set larger code cache with -XX:ReservedCodeCacheSize=
#   JVM is running with Zero Based Compressed Oops mode in which the Java heap is
#     placed in the first 32GB address space. The Java Heap base address is the
#     maximum limit for the native heap growth. Please use -XX:HeapBaseMinAddress
#     to set the Java Heap base and to place the Java Heap above 32GB virtual address.
# This output file may be truncated or incomplete.
#
#  Out of Memory Error (allocation.cpp:389), pid=17884, tid=0x00000000000006f0
#
# JRE version: Java(TM) SE Runtime Environment (8.0_261-b12) (build 1.8.0_261-b12)
# Java VM: Java HotSpot(TM) 64-Bit Server VM (25.261-b12 mixed mode windows-amd64 compressed oops)
# Failed to write core dump. Minidumps are not enabled by default on client versions of Windows
#

---------------  T H R E A D  ---------------

Current thread (0x0000022dbbfd2800):  JavaThread "C2 CompilerThread2" daemon [_thread_in_native, id=1776, stack(0x000000ff91900000,0x000000ff91a00000)]

Stack: [0x000000ff91900000,0x000000ff91a00000]
Native frames: (J=compiled Java code, j=interpreted, Vv=VM code, C=native code)
V  [jvm.dll+0x33e5f9]
V  [jvm.dll+0x2850e2]
V  [jvm.dll+0x285d8d]
V  [jvm.dll+0x27c895]
V  [jvm.dll+0xe4d6c]
V  [jvm.dll+0xe556c]
V  [jvm.dll+0x47ed35]
V  [jvm.dll+0x446900]
V  [jvm.dll+0x44f8f5]
V  [jvm.dll+0x44ecb5]
V  [jvm.dll+0x439bc7]
V  [jvm.dll+0xbbbcb]
V  [jvm.dll+0xba22b]
V  [jvm.dll+0x24d962]
V  [jvm.dll+0x2a1cfc]
C  [ucrtbase.dll+0x210b2]
C  [KERNEL32.DLL+0x17c24]
C  [ntdll.dll+0x6d4d1]


Current CompileTask:
C2:   1518 1607       4       java.net.URLClassLoader$1::run (5 bytes)


---------------  P R O C E S S  ---------------

Java Threads: ( => current thread )
  0x0000022dbd378800 JavaThread "Service Thread" daemon [_thread_blocked, id=2936, stack(0x000000ff91b00000,0x000000ff91c00000)]
  0x0000022dbbfcf800 JavaThread "C1 CompilerThread3" daemon [_thread_blocked, id=18060, stack(0x000000ff91a00000,0x000000ff91b00000)]
=>0x0000022dbbfd2800 JavaThread "C2 CompilerThread2" daemon [_thread_in_native, id=1776, stack(0x000000ff91900000,0x000000ff91a00000)]
  0x0000022dbbfc4800 JavaThread "C2 CompilerThread1" daemon [_thread_in_native, id=12200, stack(0x000000ff91800000,0x000000ff91900000)]
  0x0000022dbbfc0800 JavaThread "C2 CompilerThread0" daemon [_thread_in_native, id=11508, stack(0x000000ff91700000,0x000000ff91800000)]
  0x0000022dbbfbf800 JavaThread "Attach Listener" daemon [_thread_blocked, id=2044, stack(0x000000ff91600000,0x000000ff91700000)]
  0x0000022dbbfbe800 JavaThread "Signal Dispatcher" daemon [_thread_blocked, id=10068, stack(0x000000ff91500000,0x000000ff91600000)]
  0x0000022dbbf8f800 JavaThread "Finalizer" daemon [_thread_blocked, id=16140, stack(0x000000ff91400000,0x000000ff91500000)]
  0x0000022dbbf88800 JavaThread "Reference Handler" daemon [_thread_blocked, id=9008, stack(0x000000ff91300000,0x000000ff91400000)]
  0x0000022da2ea8800 JavaThread "main" [_thread_in_native, id=16720, stack(0x000000ff90900000,0x000000ff90a00000)]

Other Threads:
  0x0000022dbbf63000 VMThread [stack: 0x000000ff91200000,0x000000ff91300000] [id=17456]
  0x0000022dbc03d000 WatcherThread [stack: 0x000000ff91c00000,0x000000ff91d00000] [id=2276]

VM state:not at safepoint (normal execution)

VM Mutex/Monitor currently owned by a thread:  ([mutex/lock_event])
[0x0000022da2ea5170] CodeCache_lock - owner thread: 0x0000000000000000

heap address: 0x0000000702800000, size: 3032 MB, Compressed Oops mode: Zero based, Oop shift amount: 3
Narrow klass base: 0x0000000000000000, Narrow klass shift: 3
Compressed class space size: 1073741824 Address: 0x00000007c0000000

Heap:
 PSYoungGen      total 56832K, used 20544K [0x0000000780d80000, 0x0000000784c80000, 0x00000007c0000000)
  eden space 49152K, 26% used [0x0000000780d80000,0x0000000781a17420,0x0000000783d80000)
  from space 7680K, 99% used [0x0000000784500000,0x0000000784c78dd0,0x0000000784c80000)
  to   space 7680K, 0% used [0x0000000783d80000,0x0000000783d80000,0x0000000784500000)
 ParOldGen       total 130048K, used 2017K [0x0000000702800000, 0x000000070a700000, 0x0000000780d80000)
  object space 130048K, 1% used [0x0000000702800000,0x00000007029f8540,0x000000070a700000)
 Metaspace       used 15495K, capacity 15744K, committed 16128K, reserved 1062912K
  class space    used 1866K, capacity 1972K, committed 2048K, reserved 1048576K

Card table byte_map: [0x0000022db3bc0000,0x0000022db41b0000] byte_map_base: 0x0000022db03ac000

Marking Bits: (ParMarkBitMap*) 0x00000000549b4fb0
 Begin Bits: [0x0000022db45b0000, 0x0000022db7510000)
 End Bits:   [0x0000022db7510000, 0x0000022dba470000)

Polling page: 0x0000022da2e60000

CodeCache: size=245760Kb used=7278Kb max_used=7278Kb free=238482Kb
 bounds [0x0000022da4800000, 0x0000022da4f30000, 0x0000022db3800000]
 total_blobs=2572 nmethods=2210 adapters=274
 compilation: enabled

Compilation events (10 events):
Event: 1.466 Thread 0x0000022dbbfcf800 2093       3       java.util.Collections$UnmodifiableMap$UnmodifiableEntrySet::iterator (9 bytes)
Event: 1.466 Thread 0x0000022dbbfcf800 nmethod 2093 0x0000022da4edecd0 code [0x0000022da4edee40, 0x0000022da4edf1b0]
Event: 1.466 Thread 0x0000022dbbfcf800 2094       3       java.util.Collections$UnmodifiableMap$UnmodifiableEntrySet$1::<init> (26 bytes)
Event: 1.466 Thread 0x0000022dbbfcf800 nmethod 2094 0x0000022da4ee52d0 code [0x0000022da4ee5440, 0x0000022da4ee5710]
Event: 1.466 Thread 0x0000022dbbfcf800 2090       3       java.util.Dictionary::<init> (5 bytes)
Event: 1.466 Thread 0x0000022dbbfcf800 nmethod 2090 0x0000022da4ee5810 code [0x0000022da4ee5960, 0x0000022da4ee5b18]
Event: 1.467 Thread 0x0000022dbbfc0800 2095       4       java.util.Hashtable$Enumerator::hasNext (5 bytes)
Event: 1.468 Thread 0x0000022dbbfcf800 2097       3       java.util.AbstractCollection::toArray (70 bytes)
Event: 1.468 Thread 0x0000022dbbfcf800 nmethod 2097 0x0000022da4ee5bd0 code [0x0000022da4ee5dc0, 0x0000022da4ee6750]
Event: 1.468 Thread 0x0000022dbbfcf800 2098       3       org.apache.maven.model.merge.ModelMerger$MergingList::mergeAll (348 bytes)

GC Heap History (4 events):
Event: 0.647 GC heap before
{Heap before GC invocations=1 (full 0):
 PSYoungGen      total 56832K, used 49152K [0x0000000780d80000, 0x0000000784c80000, 0x00000007c0000000)
  eden space 49152K, 100% used [0x0000000780d80000,0x0000000783d80000,0x0000000783d80000)
  from space 7680K, 0% used [0x0000000784500000,0x0000000784500000,0x0000000784c80000)
  to   space 7680K, 0% used [0x0000000783d80000,0x0000000783d80000,0x0000000784500000)
 ParOldGen       total 130048K, used 0K [0x0000000702800000, 0x000000070a700000, 0x0000000780d80000)
  object space 130048K, 0% used [0x0000000702800000,0x0000000702800000,0x000000070a700000)
 Metaspace       used 9769K, capacity 9876K, committed 9984K, reserved 1058816K
  class space    used 1184K, capacity 1248K, committed 1280K, reserved 1048576K
Event: 0.653 GC heap after
Heap after GC invocations=1 (full 0):
 PSYoungGen      total 56832K, used 7676K [0x0000000780d80000, 0x0000000784c80000, 0x00000007c0000000)
  eden space 49152K, 0% used [0x0000000780d80000,0x0000000780d80000,0x0000000783d80000)
  from space 7680K, 99% used [0x0000000783d80000,0x00000007844ff1f0,0x0000000784500000)
  to   space 7680K, 0% used [0x0000000784500000,0x0000000784500000,0x0000000784c80000)
 ParOldGen       total 130048K, used 73K [0x0000000702800000, 0x000000070a700000, 0x0000000780d80000)
  object space 130048K, 0% used [0x0000000702800000,0x00000007028124a0,0x000000070a700000)
 Metaspace       used 9769K, capacity 9876K, committed 9984K, reserved 1058816K
  class space    used 1184K, capacity 1248K, committed 1280K, reserved 1048576K
}
Event: 1.335 GC heap before
{Heap before GC invocations=2 (full 0):
 PSYoungGen      total 56832K, used 56828K [0x0000000780d80000, 0x0000000784c80000, 0x00000007c0000000)
  eden space 49152K, 100% used [0x0000000780d80000,0x0000000783d80000,0x0000000783d80000)
  from space 7680K, 99% used [0x0000000783d80000,0x00000007844ff1f0,0x0000000784500000)
  to   space 7680K, 0% used [0x0000000784500000,0x0000000784500000,0x0000000784c80000)
 ParOldGen       total 130048K, used 73K [0x0000000702800000, 0x000000070a700000, 0x0000000780d80000)
  object space 130048K, 0% used [0x0000000702800000,0x00000007028124a0,0x000000070a700000)
 Metaspace       used 15205K, capacity 15450K, committed 15872K, reserved 1062912K
  class space    used 1847K, capacity 1939K, committed 2048K, reserved 1048576K
Event: 1.345 GC heap after
Heap after GC invocations=2 (full 0):
 PSYoungGen      total 56832K, used 7651K [0x0000000780d80000, 0x0000000784c80000, 0x00000007c0000000)
  eden space 49152K, 0% used [0x0000000780d80000,0x0000000780d80000,0x0000000783d80000)
  from space 7680K, 99% used [0x0000000784500000,0x0000000784c78dd0,0x0000000784c80000)
  to   space 7680K, 0% used [0x0000000783d80000,0x0000000783d80000,0x0000000784500000)
 ParOldGen       total 130048K, used 2017K [0x0000000702800000, 0x000000070a700000, 0x0000000780d80000)
  object space 130048K, 1% used [0x0000000702800000,0x00000007029f8540,0x000000070a700000)
 Metaspace       used 15205K, capacity 15450K, committed 15872K, reserved 1062912K
  class space    used 1847K, capacity 1939K, committed 2048K, reserved 1048576K
}

Deoptimization events (10 events):
Event: 1.161 Thread 0x0000022da2ea8800 Uncommon trap: reason=bimorphic action=maybe_recompile pc=0x0000022da4d2f720 method=java.util.regex.Pattern$CharProperty.match(Ljava/util/regex/Matcher;ILjava/lang/CharSequence;)Z @ 37
Event: 1.163 Thread 0x0000022da2ea8800 Uncommon trap: reason=unstable_if action=reinterpret pc=0x0000022da4a579c4 method=sun.nio.cs.UTF_8$Decoder.decode([BII[C)I @ 30
Event: 1.163 Thread 0x0000022da2ea8800 Uncommon trap: reason=unstable_if action=reinterpret pc=0x0000022da4aa95bc method=sun.nio.cs.UTF_8$Decoder.decodeArrayLoop(Ljava/nio/ByteBuffer;Ljava/nio/CharBuffer;)Ljava/nio/charset/CoderResult; @ 84
Event: 1.183 Thread 0x0000022da2ea8800 Uncommon trap: reason=unstable_if action=reinterpret pc=0x0000022da4da13c0 method=org.codehaus.plexus.util.xml.pull.MXParser.nextImpl()I @ 555
Event: 1.284 Thread 0x0000022da2ea8800 Uncommon trap: reason=null_check action=make_not_entrant pc=0x0000022da4e0f730 method=org.apache.maven.model.io.xpp3.MavenXpp3Reader.checkFieldWithDuplicate(Lorg/codehaus/plexus/util/xml/pull/XmlPullParser;Ljava/lang/String;Ljava/lang/String;Ljava/util/Se
Event: 1.303 Thread 0x0000022da2ea8800 Uncommon trap: reason=unstable_if action=reinterpret pc=0x0000022da4c1d654 method=java.util.HashMap.hash(Ljava/lang/Object;)I @ 1
Event: 1.304 Thread 0x0000022da2ea8800 Uncommon trap: reason=unstable_if action=reinterpret pc=0x0000022da4ba48e4 method=java.util.HashMap.hash(Ljava/lang/Object;)I @ 1
Event: 1.304 Thread 0x0000022da2ea8800 Uncommon trap: reason=unstable_if action=reinterpret pc=0x0000022da4b1d0a8 method=java.util.HashMap.hash(Ljava/lang/Object;)I @ 1
Event: 1.346 Thread 0x0000022da2ea8800 Uncommon trap: reason=unstable_if action=reinterpret pc=0x0000022da4e066d0 method=java.lang.String.regionMatches(ZILjava/lang/String;II)Z @ 25
Event: 1.422 Thread 0x0000022da2ea8800 Uncommon trap: reason=unstable_if action=reinterpret pc=0x0000022da4b93644 method=java.util.HashMap.getNode(ILjava/lang/Object;)Ljava/util/HashMap$Node; @ 53

Classes redefined (0 events):
No events

Internal exceptions (10 events):
Event: 1.003 Thread 0x0000022da2ea8800 Exception <a 'java/lang/NullPointerException'> (0x0000000782b8d8a0) thrown at [C:\jenkins\workspace\8-2-build-windows-amd64-cygwin\jdk8u261\295\hotspot\src\share\vm\interpreter\linkResolver.cpp, line 1185]
Event: 1.003 Thread 0x0000022da2ea8800 Exception <a 'java/lang/NullPointerException'> (0x0000000782b8dab8) thrown at [C:\jenkins\workspace\8-2-build-windows-amd64-cygwin\jdk8u261\295\hotspot\src\share\vm\interpreter\linkResolver.cpp, line 1185]
Event: 1.003 Thread 0x0000022da2ea8800 Exception <a 'java/lang/NullPointerException'> (0x0000000782b8dcd0) thrown at [C:\jenkins\workspace\8-2-build-windows-amd64-cygwin\jdk8u261\295\hotspot\src\share\vm\interpreter\linkResolver.cpp, line 1185]
Event: 1.004 Thread 0x0000022da2ea8800 Exception <a 'java/lang/NullPointerException'> (0x0000000782b95f28) thrown at [C:\jenkins\workspace\8-2-build-windows-amd64-cygwin\jdk8u261\295\hotspot\src\share\vm\interpreter\linkResolver.cpp, line 1185]
Event: 1.004 Thread 0x0000022da2ea8800 Exception <a 'java/lang/NullPointerException'> (0x0000000782b96140) thrown at [C:\jenkins\workspace\8-2-build-windows-amd64-cygwin\jdk8u261\295\hotspot\src\share\vm\interpreter\linkResolver.cpp, line 1185]
Event: 1.004 Thread 0x0000022da2ea8800 Exception <a 'java/lang/NullPointerException'> (0x0000000782b96358) thrown at [C:\jenkins\workspace\8-2-build-windows-amd64-cygwin\jdk8u261\295\hotspot\src\share\vm\interpreter\linkResolver.cpp, line 1185]
Event: 1.284 Thread 0x0000022da2ea8800 Implicit null exception at 0x0000022da4e0e3b1 to 0x0000022da4e0f719
Event: 1.303 Thread 0x0000022da2ea8800 Implicit null exception at 0x0000022da4c1d19b to 0x0000022da4c1d639
Event: 1.304 Thread 0x0000022da2ea8800 Implicit null exception at 0x0000022da4ba46d5 to 0x0000022da4ba48d5
Event: 1.304 Thread 0x0000022da2ea8800 Implicit null exception at 0x0000022da4b1d02f to 0x0000022da4b1d099

Events (10 events):
Event: 1.424 loading class org/eclipse/aether/util/graph/visitor/TreeDependencyVisitor
Event: 1.424 loading class org/eclipse/aether/util/graph/visitor/TreeDependencyVisitor done
Event: 1.439 loading class org/apache/maven/plugin/DefaultPluginRealmCache$CacheKey
Event: 1.439 loading class org/apache/maven/plugin/DefaultPluginRealmCache$CacheKey done
Event: 1.440 loading class org/apache/maven/plugin/CacheUtils
Event: 1.440 loading class org/apache/maven/plugin/CacheUtils done
Event: 1.440 loading class org/apache/maven/plugin/internal/PlexusUtilsInjector
Event: 1.440 loading class org/apache/maven/plugin/internal/PlexusUtilsInjector done
Event: 1.441 loading class org/apache/maven/plugin/internal/WagonExcluder
Event: 1.441 loading class org/apache/maven/plugin/internal/WagonExcluder done


Dynamic libraries:
0x00007ff672d50000 - 0x00007ff672d97000 	C:\Program Files\Java\jdk1.8.0_261\bin\java.exe
0x00007ff976c60000 - 0x00007ff976e50000 	C:\WINDOWS\SYSTEM32\ntdll.dll
0x00007ff975910000 - 0x00007ff9759c2000 	C:\WINDOWS\System32\KERNEL32.DLL
0x00007ff9745c0000 - 0x00007ff974865000 	C:\WINDOWS\System32\KERNELBASE.dll
0x00007ff976b70000 - 0x00007ff976c13000 	C:\WINDOWS\System32\ADVAPI32.dll
0x00007ff975c00000 - 0x00007ff975c9e000 	C:\WINDOWS\System32\msvcrt.dll
0x00007ff976200000 - 0x00007ff976297000 	C:\WINDOWS\System32\sechost.dll
0x00007ff976300000 - 0x00007ff976420000 	C:\WINDOWS\System32\RPCRT4.dll
0x00007ff975300000 - 0x00007ff975494000 	C:\WINDOWS\System32\USER32.dll
0x00007ff974c10000 - 0x00007ff974c31000 	C:\WINDOWS\System32\win32u.dll
0x00007ff975d70000 - 0x00007ff975d96000 	C:\WINDOWS\System32\GDI32.dll
0x00007ff973c90000 - 0x00007ff973e26000 	C:\WINDOWS\System32\gdi32full.dll
0x00007ff9749f0000 - 0x00007ff974a8e000 	C:\WINDOWS\System32\msvcp_win.dll
0x00007ff974b10000 - 0x00007ff974c0a000 	C:\WINDOWS\System32\ucrtbase.dll
0x00007ff953f20000 - 0x00007ff9541a4000 	C:\WINDOWS\WinSxS\amd64_microsoft.windows.common-controls_6595b64144ccf1df_6.0.18362.1198_none_9e820b57e45ad92f\COMCTL32.dll
0x00007ff975ec0000 - 0x00007ff9761f5000 	C:\WINDOWS\System32\combase.dll
0x00007ff974c40000 - 0x00007ff974cc0000 	C:\WINDOWS\System32\bcryptPrimitives.dll
0x00007ff975e70000 - 0x00007ff975e9e000 	C:\WINDOWS\System32\IMM32.DLL
0x00007ff9397b0000 - 0x00007ff9397c5000 	C:\Program Files\Java\jdk1.8.0_261\jre\bin\vcruntime140.dll
0x00007ff92d5c0000 - 0x00007ff92d65b000 	C:\Program Files\Java\jdk1.8.0_261\jre\bin\msvcp140.dll
0x00000000541c0000 - 0x0000000054a2c000 	C:\Program Files\Java\jdk1.8.0_261\jre\bin\server\jvm.dll
0x00007ff975d50000 - 0x00007ff975d58000 	C:\WINDOWS\System32\PSAPI.DLL
0x00007ff957580000 - 0x00007ff957589000 	C:\WINDOWS\SYSTEM32\WSOCK32.dll
0x00007ff96aa40000 - 0x00007ff96aa64000 	C:\WINDOWS\SYSTEM32\WINMM.dll
0x00007ff969d00000 - 0x00007ff969d0a000 	C:\WINDOWS\SYSTEM32\VERSION.dll
0x00007ff975da0000 - 0x00007ff975e0f000 	C:\WINDOWS\System32\WS2_32.dll
0x00007ff96a790000 - 0x00007ff96a7bd000 	C:\WINDOWS\SYSTEM32\winmmbase.dll
0x00007ff974cc0000 - 0x00007ff974d0a000 	C:\WINDOWS\System32\cfgmgr32.dll
0x00007ff973ba0000 - 0x00007ff973bb1000 	C:\WINDOWS\System32\kernel.appcore.dll
0x00007ff968c10000 - 0x00007ff968c20000 	C:\Program Files\Java\jdk1.8.0_261\jre\bin\verify.dll
0x00007ff935ab0000 - 0x00007ff935adb000 	C:\Program Files\Java\jdk1.8.0_261\jre\bin\java.dll
0x00007ff934970000 - 0x00007ff934988000 	C:\Program Files\Java\jdk1.8.0_261\jre\bin\zip.dll
0x00007ff976420000 - 0x00007ff976b07000 	C:\WINDOWS\System32\SHELL32.dll
0x00007ff975250000 - 0x00007ff9752f9000 	C:\WINDOWS\System32\shcore.dll
0x00007ff973e30000 - 0x00007ff9745b1000 	C:\WINDOWS\System32\windows.storage.dll
0x00007ff973b70000 - 0x00007ff973b93000 	C:\WINDOWS\System32\profapi.dll
0x00007ff973b20000 - 0x00007ff973b6a000 	C:\WINDOWS\System32\powrprof.dll
0x00007ff973b10000 - 0x00007ff973b20000 	C:\WINDOWS\System32\UMPDC.dll
0x00007ff9762a0000 - 0x00007ff9762f2000 	C:\WINDOWS\System32\shlwapi.dll
0x00007ff974af0000 - 0x00007ff974b07000 	C:\WINDOWS\System32\cryptsp.dll
0x00007ff9557a0000 - 0x00007ff9557aa000 	C:\Program Files\apache-maven-3.6.3\lib\jansi-native\windows64\jansi.dll
0x00007ff9341f0000 - 0x00007ff93420c000 	C:\Program Files\Java\jdk1.8.0_261\jre\bin\net.dll
0x00007ff973360000 - 0x00007ff9733c7000 	C:\WINDOWS\system32\mswsock.dll
0x00007ff934170000 - 0x00007ff934183000 	C:\Program Files\Java\jdk1.8.0_261\jre\bin\nio.dll
0x00007ff9723c0000 - 0x00007ff9725b4000 	C:\WINDOWS\SYSTEM32\dbghelp.dll

VM Arguments:
jvm_args: -Dclassworlds.conf=C:\Program Files\apache-maven-3.6.3\bin\..\bin\m2.conf -Dmaven.home=C:\Program Files\apache-maven-3.6.3\bin\.. -Dlibrary.jansi.path=C:\Program Files\apache-maven-3.6.3\bin\..\lib\jansi-native -Dmaven.multiModuleProjectDirectory=C:\Users\josep\eclipse-workspace\rsp-game 
java_command: org.codehaus.plexus.classworlds.launcher.Launcher tomcat7:run
java_class_path (initial): C:\Program Files\apache-maven-3.6.3\bin\..\boot\plexus-classworlds-2.6.0.jar
Launcher Type: SUN_STANDARD

Environment Variables:
JAVA_HOME=C:\Program Files\Java\jdk1.8.0_261
JRE_HOME=C:\Program Files\Java\jre1.8.0_261
PATH=C:\Program Files (x86)\Common Files\Oracle\Java\javapath;C:\Program Files (x86)\Intel\Intel(R) Management Engine Components\iCLS\;C:\Program Files\Intel\Intel(R) Management Engine Components\iCLS\;C:\WINDOWS\system32;C:\WINDOWS;C:\WINDOWS\System32\Wbem;C:\WINDOWS\System32\WindowsPowerShell\v1.0\;C:\WINDOWS\System32\OpenSSH\;C:\Program Files (x86)\Intel\Intel(R) Management Engine Components\DAL;C:\Program Files\Intel\Intel(R) Management Engine Components\DAL;C:\Program Files (x86)\Intel\Intel(R) Management Engine Components\IPT;C:\Program Files\Intel\Intel(R) Management Engine Components\IPT;C:\Program Files\Intel\WiFi\bin\;C:\Program Files\Common Files\Intel\WirelessCommon\;C:\Program Files\Git\cmd;C:\Program Files\nodejs\;C:\Program Files\Amazon\AWSCLIV2\;C:\Program Files\Docker\Docker\resources\bin;C:\ProgramData\DockerDesktop\version-bin;C:\Program Files\apache-maven-3.6.3\bin;C:\Users\josep\AppData\Local\Microsoft\WindowsApps;C:\Program Files\Docker\Docker\resources\bin;C:\Users\josep\kube;C:\Users\josep\AppData\Roaming\npm;C:\Program Files (x86)\Vim\vim82;C:\Program Files\Java\jdk1.8.0_261\bin;
USERNAME=josep
OS=Windows_NT
PROCESSOR_IDENTIFIER=Intel64 Family 6 Model 142 Stepping 10, GenuineIntel



---------------  S Y S T E M  ---------------

OS: Windows 10.0 , 64 bit Build 18362 (10.0.18362.1110)

CPU:total 8 (initial active 8) (4 cores per cpu, 2 threads per core) family 6 model 142 stepping 10, cmov, cx8, fxsr, mmx, sse, sse2, sse3, ssse3, sse4.1, sse4.2, popcnt, avx, avx2, aes, clmul, erms, 3dnowpref, lzcnt, ht, tsc, tscinvbit, bmi1, bmi2, adx

Memory: 4k page, physical 12413004k(1163552k free), swap 12413004k(4904k free)

vm_info: Java HotSpot(TM) 64-Bit Server VM (25.261-b12) for windows-amd64 JRE (1.8.0_261-b12), built on Jun 18 2020 06:56:32 by "" with unknown MS VC++:1916

time: Thu Nov 19 01:04:38 2020
timezone: Pacific Standard Time
elapsed time: 1 seconds (0d 0h 0m 1s)

