#
# There is insufficient memory for the Java Runtime Environment to continue.
# Native memory allocation (malloc) failed to allocate 389216 bytes for Chunk::new
# Possible reasons:
#   The system is out of physical RAM or swap space
#   The process is running with CompressedOops enabled, and the Java Heap may be blocking the growth of the native heap
# Possible solutions:
#   Reduce memory load on the system
#   Increase physical memory or swap space
#   Check if swap backing store is full
#   Decrease Java heap size (-Xmx/-Xms)
#   Decrease number of Java threads
#   Decrease Java thread stack sizes (-Xss)
#   Set larger code cache with -XX:ReservedCodeCacheSize=
#   JVM is running with Zero Based Compressed Oops mode in which the Java heap is
#     placed in the first 32GB address space. The Java Heap base address is the
#     maximum limit for the native heap growth. Please use -XX:HeapBaseMinAddress
#     to set the Java Heap base and to place the Java Heap above 32GB virtual address.
# This output file may be truncated or incomplete.
#
#  Out of Memory Error (allocation.cpp:389), pid=10520, tid=0x0000000000003c88
#
# JRE version: Java(TM) SE Runtime Environment (8.0_261-b12) (build 1.8.0_261-b12)
# Java VM: Java HotSpot(TM) 64-Bit Server VM (25.261-b12 mixed mode windows-amd64 compressed oops)
# Failed to write core dump. Minidumps are not enabled by default on client versions of Windows
#

---------------  T H R E A D  ---------------

Current thread (0x00000253e77ab800):  JavaThread "C2 CompilerThread0" daemon [_thread_in_native, id=15496, stack(0x00000089fa200000,0x00000089fa300000)]

Stack: [0x00000089fa200000,0x00000089fa300000]
Native frames: (J=compiled Java code, j=interpreted, Vv=VM code, C=native code)
V  [jvm.dll+0x33e5f9]


Current CompileTask:
C2:   1224 1603       4       org.codehaus.plexus.util.xml.pull.MXParser::parseStartTag (1195 bytes)


---------------  P R O C E S S  ---------------

Java Threads: ( => current thread )
  0x00000253e8b68800 JavaThread "Service Thread" daemon [_thread_blocked, id=5460, stack(0x00000089fa600000,0x00000089fa700000)]
  0x00000253e77b0000 JavaThread "C1 CompilerThread3" daemon [_thread_in_vm, id=9184, stack(0x00000089fa500000,0x00000089fa600000)]
  0x00000253e77b2800 JavaThread "C2 CompilerThread2" daemon [_thread_in_native, id=11172, stack(0x00000089fa400000,0x00000089fa500000)]
  0x00000253e77af800 JavaThread "C2 CompilerThread1" daemon [_thread_in_native, id=5756, stack(0x00000089fa300000,0x00000089fa400000)]
=>0x00000253e77ab800 JavaThread "C2 CompilerThread0" daemon [_thread_in_native, id=15496, stack(0x00000089fa200000,0x00000089fa300000)]
  0x00000253e77a7000 JavaThread "Attach Listener" daemon [_thread_blocked, id=8540, stack(0x00000089fa100000,0x00000089fa200000)]
  0x00000253e77a6000 JavaThread "Signal Dispatcher" daemon [_thread_blocked, id=7416, stack(0x00000089fa000000,0x00000089fa100000)]
  0x00000253e7780800 JavaThread "Finalizer" daemon [_thread_blocked, id=20412, stack(0x00000089f9f00000,0x00000089fa000000)]
  0x00000253e7779000 JavaThread "Reference Handler" daemon [_thread_blocked, id=4352, stack(0x00000089f9e00000,0x00000089f9f00000)]
  0x00000253ce596800 JavaThread "main" [_thread_in_Java, id=12048, stack(0x00000089f9400000,0x00000089f9500000)]

Other Threads:
  0x00000253e7752800 VMThread [stack: 0x00000089f9d00000,0x00000089f9e00000] [id=1688]
  0x00000253e782c000 WatcherThread [stack: 0x00000089fa700000,0x00000089fa800000] [id=6336]

VM state:not at safepoint (normal execution)

VM Mutex/Monitor currently owned by a thread: None

heap address: 0x0000000702800000, size: 3032 MB, Compressed Oops mode: Zero based, Oop shift amount: 3
Narrow klass base: 0x0000000000000000, Narrow klass shift: 3
Compressed class space size: 1073741824 Address: 0x00000007c0000000

Heap:
 PSYoungGen      total 56832K, used 50958K [0x0000000780d80000, 0x0000000784c80000, 0x00000007c0000000)
  eden space 49152K, 88% used [0x0000000780d80000,0x00000007837c8f10,0x0000000783d80000)
  from space 7680K, 99% used [0x0000000783d80000,0x00000007844faa98,0x0000000784500000)
  to   space 7680K, 0% used [0x0000000784500000,0x0000000784500000,0x0000000784c80000)
 ParOldGen       total 130048K, used 140K [0x0000000702800000, 0x000000070a700000, 0x0000000780d80000)
  object space 130048K, 0% used [0x0000000702800000,0x0000000702823318,0x000000070a700000)
 Metaspace       used 15050K, capacity 15240K, committed 15616K, reserved 1062912K
  class space    used 1830K, capacity 1936K, committed 2048K, reserved 1048576K

Card table byte_map: [0x00000253df3e0000,0x00000253df9d0000] byte_map_base: 0x00000253dbbcc000

Marking Bits: (ParMarkBitMap*) 0x00000000549b4fb0
 Begin Bits: [0x00000253dfdd0000, 0x00000253e2d30000)
 End Bits:   [0x00000253e2d30000, 0x00000253e5c90000)

Polling page: 0x00000253ce7c0000

CodeCache: size=245760Kb used=6018Kb max_used=6018Kb free=239741Kb
 bounds [0x00000253d0020000, 0x00000253d0610000, 0x00000253df020000]
 total_blobs=2063 nmethods=1702 adapters=273
 compilation: enabled

Compilation events (10 events):
Event: 1.171 Thread 0x00000253e77b0000 nmethod 1613 0x00000253d05a1090 code [0x00000253d05a1240, 0x00000253d05a1930]
Event: 1.171 Thread 0x00000253e77b0000 1610       3       org.codehaus.plexus.util.xml.Xpp3Dom::setValue (6 bytes)
Event: 1.171 Thread 0x00000253e77b0000 nmethod 1610 0x00000253d05a0d50 code [0x00000253d05a0ea0, 0x00000253d05a1018]
Event: 1.171 Thread 0x00000253e77b0000 1611       3       org.codehaus.plexus.util.xml.Xpp3Dom::addChild (17 bytes)
Event: 1.172 Thread 0x00000253e77b0000 nmethod 1611 0x00000253d05a0810 code [0x00000253d05a0980, 0x00000253d05a0c30]
Event: 1.172 Thread 0x00000253e77b0000 1612       1       org.codehaus.plexus.util.xml.Xpp3Dom::getName (5 bytes)
Event: 1.172 Thread 0x00000253e77b0000 nmethod 1612 0x00000253d05a0550 code [0x00000253d05a06a0, 0x00000253d05a07b8]
Event: 1.173 Thread 0x00000253e77b0000 1614 %     3       sun.nio.cs.UTF_8$Decoder::decode @ 51 (779 bytes)
Event: 1.178 Thread 0x00000253e77b0000 nmethod 1614% 0x00000253d05a76d0 code [0x00000253d05a7d60, 0x00000253d05acec0]
Event: 1.178 Thread 0x00000253e77b0000 1616       3       sun.nio.cs.UTF_8$Decoder::decodeArrayLoop (691 bytes)

GC Heap History (2 events):
Event: 0.661 GC heap before
{Heap before GC invocations=1 (full 0):
 PSYoungGen      total 56832K, used 49152K [0x0000000780d80000, 0x0000000784c80000, 0x00000007c0000000)
  eden space 49152K, 100% used [0x0000000780d80000,0x0000000783d80000,0x0000000783d80000)
  from space 7680K, 0% used [0x0000000784500000,0x0000000784500000,0x0000000784c80000)
  to   space 7680K, 0% used [0x0000000783d80000,0x0000000783d80000,0x0000000784500000)
 ParOldGen       total 130048K, used 0K [0x0000000702800000, 0x000000070a700000, 0x0000000780d80000)
  object space 130048K, 0% used [0x0000000702800000,0x0000000702800000,0x000000070a700000)
 Metaspace       used 9799K, capacity 9940K, committed 9984K, reserved 1058816K
  class space    used 1188K, capacity 1248K, committed 1280K, reserved 1048576K
Event: 0.667 GC heap after
Heap after GC invocations=1 (full 0):
 PSYoungGen      total 56832K, used 7658K [0x0000000780d80000, 0x0000000784c80000, 0x00000007c0000000)
  eden space 49152K, 0% used [0x0000000780d80000,0x0000000780d80000,0x0000000783d80000)
  from space 7680K, 99% used [0x0000000783d80000,0x00000007844faa98,0x0000000784500000)
  to   space 7680K, 0% used [0x0000000784500000,0x0000000784500000,0x0000000784c80000)
 ParOldGen       total 130048K, used 140K [0x0000000702800000, 0x000000070a700000, 0x0000000780d80000)
  object space 130048K, 0% used [0x0000000702800000,0x0000000702823318,0x000000070a700000)
 Metaspace       used 9799K, capacity 9940K, committed 9984K, reserved 1058816K
  class space    used 1188K, capacity 1248K, committed 1280K, reserved 1048576K
}

Deoptimization events (10 events):
Event: 0.975 Thread 0x00000253ce596800 Uncommon trap: reason=unstable_if action=reinterpret pc=0x00000253d0521018 method=org.eclipse.sisu.inject.InjectorBindings.isAssignableFrom(Lcom/google/inject/TypeLiteral;Lcom/google/inject/Binding;)Z @ 14
Event: 1.055 Thread 0x00000253ce596800 Uncommon trap: reason=unstable_if action=reinterpret pc=0x00000253d01c32d8 method=java.lang.String.replace(CC)Ljava/lang/String; @ 2
Event: 1.058 Thread 0x00000253ce596800 Uncommon trap: reason=unstable_if action=reinterpret pc=0x00000253d049a8a0 method=java.lang.String.substring(I)Ljava/lang/String; @ 35
Event: 1.148 Thread 0x00000253ce596800 Uncommon trap: reason=predicate action=maybe_recompile pc=0x00000253d03832ac method=java.lang.String.regionMatches(ZILjava/lang/String;II)Z @ 63
Event: 1.161 Thread 0x00000253ce596800 Uncommon trap: reason=bimorphic action=maybe_recompile pc=0x00000253d056dda4 method=java.util.regex.Pattern$CharProperty.match(Ljava/util/regex/Matcher;ILjava/lang/CharSequence;)Z @ 37
Event: 1.162 Thread 0x00000253ce596800 Uncommon trap: reason=bimorphic action=maybe_recompile pc=0x00000253d056dda4 method=java.util.regex.Pattern$CharProperty.match(Ljava/util/regex/Matcher;ILjava/lang/CharSequence;)Z @ 37
Event: 1.171 Thread 0x00000253ce596800 Uncommon trap: reason=bimorphic action=maybe_recompile pc=0x00000253d056dda4 method=java.util.regex.Pattern$CharProperty.match(Ljava/util/regex/Matcher;ILjava/lang/CharSequence;)Z @ 37
Event: 1.171 Thread 0x00000253ce596800 Uncommon trap: reason=bimorphic action=maybe_recompile pc=0x00000253d056dda4 method=java.util.regex.Pattern$CharProperty.match(Ljava/util/regex/Matcher;ILjava/lang/CharSequence;)Z @ 37
Event: 1.173 Thread 0x00000253ce596800 Uncommon trap: reason=unstable_if action=reinterpret pc=0x00000253d032d944 method=sun.nio.cs.UTF_8$Decoder.decode([BII[C)I @ 30
Event: 1.173 Thread 0x00000253ce596800 Uncommon trap: reason=unstable_if action=reinterpret pc=0x00000253d02d2a3c method=sun.nio.cs.UTF_8$Decoder.decodeArrayLoop(Ljava/nio/ByteBuffer;Ljava/nio/CharBuffer;)Ljava/nio/charset/CoderResult; @ 84

Classes redefined (0 events):
No events

Internal exceptions (10 events):
Event: 0.525 Thread 0x00000253ce596800 Exception <a 'java/lang/ArrayIndexOutOfBoundsException': 66> (0x0000000782d08b70) thrown at [C:\jenkins\workspace\8-2-build-windows-amd64-cygwin\jdk8u261\295\hotspot\src\share\vm\interpreter\interpreterRuntime.cpp, line 368]
Event: 0.909 Thread 0x00000253ce596800 Exception <a 'java/lang/NoClassDefFoundError': com/google/inject/servlet/ServletModuleTargetVisitor> (0x000000078256b9b8) thrown at [C:\jenkins\workspace\8-2-build-windows-amd64-cygwin\jdk8u261\295\hotspot\src\share\vm\classfile\systemDictionary.cpp, line
Event: 0.909 Thread 0x00000253ce596800 Exception <a 'java/lang/NoClassDefFoundError'> (0x000000078256b9b8) thrown at [C:\jenkins\workspace\8-2-build-windows-amd64-cygwin\jdk8u261\295\hotspot\src\share\vm\prims\jvm.cpp, line 1516]
Event: 0.909 Thread 0x00000253ce596800 Exception <a 'java/lang/NoClassDefFoundError': javax/annotation/Priority> (0x00000007825707a8) thrown at [C:\jenkins\workspace\8-2-build-windows-amd64-cygwin\jdk8u261\295\hotspot\src\share\vm\classfile\systemDictionary.cpp, line 199]
Event: 1.010 Thread 0x00000253ce596800 Exception <a 'java/lang/NullPointerException'> (0x0000000782b566a0) thrown at [C:\jenkins\workspace\8-2-build-windows-amd64-cygwin\jdk8u261\295\hotspot\src\share\vm\interpreter\linkResolver.cpp, line 1185]
Event: 1.010 Thread 0x00000253ce596800 Exception <a 'java/lang/NullPointerException'> (0x0000000782b568b8) thrown at [C:\jenkins\workspace\8-2-build-windows-amd64-cygwin\jdk8u261\295\hotspot\src\share\vm\interpreter\linkResolver.cpp, line 1185]
Event: 1.010 Thread 0x00000253ce596800 Exception <a 'java/lang/NullPointerException'> (0x0000000782b56ad0) thrown at [C:\jenkins\workspace\8-2-build-windows-amd64-cygwin\jdk8u261\295\hotspot\src\share\vm\interpreter\linkResolver.cpp, line 1185]
Event: 1.010 Thread 0x00000253ce596800 Exception <a 'java/lang/NullPointerException'> (0x0000000782b5ed28) thrown at [C:\jenkins\workspace\8-2-build-windows-amd64-cygwin\jdk8u261\295\hotspot\src\share\vm\interpreter\linkResolver.cpp, line 1185]
Event: 1.010 Thread 0x00000253ce596800 Exception <a 'java/lang/NullPointerException'> (0x0000000782b5ef40) thrown at [C:\jenkins\workspace\8-2-build-windows-amd64-cygwin\jdk8u261\295\hotspot\src\share\vm\interpreter\linkResolver.cpp, line 1185]
Event: 1.010 Thread 0x00000253ce596800 Exception <a 'java/lang/NullPointerException'> (0x0000000782b5f158) thrown at [C:\jenkins\workspace\8-2-build-windows-amd64-cygwin\jdk8u261\295\hotspot\src\share\vm\interpreter\linkResolver.cpp, line 1185]

Events (10 events):
Event: 1.173 Thread 0x00000253ce596800 Uncommon trap: trap_request=0xffffff65 fr.pc=0x00000253d032d944
Event: 1.173 Thread 0x00000253ce596800 DEOPT PACKING pc=0x00000253d032d944 sp=0x00000089f94fd440
Event: 1.173 Thread 0x00000253ce596800 DEOPT UNPACKING pc=0x00000253d0065843 sp=0x00000089f94fd398 mode 2
Event: 1.173 Thread 0x00000253ce596800 Uncommon trap: trap_request=0xffffff65 fr.pc=0x00000253d02d2a3c
Event: 1.173 Thread 0x00000253ce596800 DEOPT PACKING pc=0x00000253d02d2a3c sp=0x00000089f94fd370
Event: 1.173 Thread 0x00000253ce596800 DEOPT UNPACKING pc=0x00000253d0065843 sp=0x00000089f94fd2b8 mode 2
Event: 1.174 loading class org/apache/maven/model/Notifier
Event: 1.174 loading class org/apache/maven/model/Notifier done
Event: 1.180 loading class org/apache/maven/model/merge/ModelMerger$NotifierKeyComputer
Event: 1.180 loading class org/apache/maven/model/merge/ModelMerger$NotifierKeyComputer done


Dynamic libraries:
0x00007ff672d50000 - 0x00007ff672d97000 	C:\Program Files\Java\jdk1.8.0_261\bin\java.exe
0x00007ff976c60000 - 0x00007ff976e50000 	C:\WINDOWS\SYSTEM32\ntdll.dll
0x00007ff975910000 - 0x00007ff9759c2000 	C:\WINDOWS\System32\KERNEL32.DLL
0x00007ff9745c0000 - 0x00007ff974865000 	C:\WINDOWS\System32\KERNELBASE.dll
0x00007ff976b70000 - 0x00007ff976c13000 	C:\WINDOWS\System32\ADVAPI32.dll
0x00007ff975c00000 - 0x00007ff975c9e000 	C:\WINDOWS\System32\msvcrt.dll
0x00007ff976200000 - 0x00007ff976297000 	C:\WINDOWS\System32\sechost.dll
0x00007ff976300000 - 0x00007ff976420000 	C:\WINDOWS\System32\RPCRT4.dll
0x00007ff975300000 - 0x00007ff975494000 	C:\WINDOWS\System32\USER32.dll
0x00007ff974c10000 - 0x00007ff974c31000 	C:\WINDOWS\System32\win32u.dll
0x00007ff975d70000 - 0x00007ff975d96000 	C:\WINDOWS\System32\GDI32.dll
0x00007ff973c90000 - 0x00007ff973e26000 	C:\WINDOWS\System32\gdi32full.dll
0x00007ff9749f0000 - 0x00007ff974a8e000 	C:\WINDOWS\System32\msvcp_win.dll
0x00007ff974b10000 - 0x00007ff974c0a000 	C:\WINDOWS\System32\ucrtbase.dll
0x00007ff953f20000 - 0x00007ff9541a4000 	C:\WINDOWS\WinSxS\amd64_microsoft.windows.common-controls_6595b64144ccf1df_6.0.18362.1198_none_9e820b57e45ad92f\COMCTL32.dll
0x00007ff975ec0000 - 0x00007ff9761f5000 	C:\WINDOWS\System32\combase.dll
0x00007ff974c40000 - 0x00007ff974cc0000 	C:\WINDOWS\System32\bcryptPrimitives.dll
0x00007ff975e70000 - 0x00007ff975e9e000 	C:\WINDOWS\System32\IMM32.DLL
0x00007ff9397b0000 - 0x00007ff9397c5000 	C:\Program Files\Java\jdk1.8.0_261\jre\bin\vcruntime140.dll
0x00007ff92d5c0000 - 0x00007ff92d65b000 	C:\Program Files\Java\jdk1.8.0_261\jre\bin\msvcp140.dll
0x00000000541c0000 - 0x0000000054a2c000 	C:\Program Files\Java\jdk1.8.0_261\jre\bin\server\jvm.dll
0x00007ff975d50000 - 0x00007ff975d58000 	C:\WINDOWS\System32\PSAPI.DLL
0x00007ff969d00000 - 0x00007ff969d0a000 	C:\WINDOWS\SYSTEM32\VERSION.dll
0x00007ff957580000 - 0x00007ff957589000 	C:\WINDOWS\SYSTEM32\WSOCK32.dll
0x00007ff96aa40000 - 0x00007ff96aa64000 	C:\WINDOWS\SYSTEM32\WINMM.dll
0x00007ff975da0000 - 0x00007ff975e0f000 	C:\WINDOWS\System32\WS2_32.dll
0x00007ff96a790000 - 0x00007ff96a7bd000 	C:\WINDOWS\SYSTEM32\winmmbase.dll
0x00007ff974cc0000 - 0x00007ff974d0a000 	C:\WINDOWS\System32\cfgmgr32.dll
0x00007ff973ba0000 - 0x00007ff973bb1000 	C:\WINDOWS\System32\kernel.appcore.dll
0x00007ff968c10000 - 0x00007ff968c20000 	C:\Program Files\Java\jdk1.8.0_261\jre\bin\verify.dll
0x00007ff935ab0000 - 0x00007ff935adb000 	C:\Program Files\Java\jdk1.8.0_261\jre\bin\java.dll
0x00007ff934970000 - 0x00007ff934988000 	C:\Program Files\Java\jdk1.8.0_261\jre\bin\zip.dll
0x00007ff976420000 - 0x00007ff976b07000 	C:\WINDOWS\System32\SHELL32.dll
0x00007ff975250000 - 0x00007ff9752f9000 	C:\WINDOWS\System32\shcore.dll
0x00007ff973e30000 - 0x00007ff9745b1000 	C:\WINDOWS\System32\windows.storage.dll
0x00007ff973b70000 - 0x00007ff973b93000 	C:\WINDOWS\System32\profapi.dll
0x00007ff973b20000 - 0x00007ff973b6a000 	C:\WINDOWS\System32\powrprof.dll
0x00007ff973b10000 - 0x00007ff973b20000 	C:\WINDOWS\System32\UMPDC.dll
0x00007ff9762a0000 - 0x00007ff9762f2000 	C:\WINDOWS\System32\shlwapi.dll
0x00007ff974af0000 - 0x00007ff974b07000 	C:\WINDOWS\System32\cryptsp.dll
0x00007ff9557a0000 - 0x00007ff9557aa000 	C:\Program Files\apache-maven-3.6.3\lib\jansi-native\windows64\jansi.dll
0x00007ff9341f0000 - 0x00007ff93420c000 	C:\Program Files\Java\jdk1.8.0_261\jre\bin\net.dll
0x00007ff973360000 - 0x00007ff9733c7000 	C:\WINDOWS\system32\mswsock.dll
0x00007ff934170000 - 0x00007ff934183000 	C:\Program Files\Java\jdk1.8.0_261\jre\bin\nio.dll

VM Arguments:
jvm_args: -Dclassworlds.conf=C:\Program Files\apache-maven-3.6.3\bin\..\bin\m2.conf -Dmaven.home=C:\Program Files\apache-maven-3.6.3\bin\.. -Dlibrary.jansi.path=C:\Program Files\apache-maven-3.6.3\bin\..\lib\jansi-native -Dmaven.multiModuleProjectDirectory=C:\Users\josep\eclipse-workspace\rsp-game 
java_command: org.codehaus.plexus.classworlds.launcher.Launcher tomcat7:run
java_class_path (initial): C:\Program Files\apache-maven-3.6.3\bin\..\boot\plexus-classworlds-2.6.0.jar
Launcher Type: SUN_STANDARD

Environment Variables:
JAVA_HOME=C:\Program Files\Java\jdk1.8.0_261
JRE_HOME=C:\Program Files\Java\jre1.8.0_261
PATH=C:\Program Files (x86)\Common Files\Oracle\Java\javapath;C:\Program Files (x86)\Intel\Intel(R) Management Engine Components\iCLS\;C:\Program Files\Intel\Intel(R) Management Engine Components\iCLS\;C:\WINDOWS\system32;C:\WINDOWS;C:\WINDOWS\System32\Wbem;C:\WINDOWS\System32\WindowsPowerShell\v1.0\;C:\WINDOWS\System32\OpenSSH\;C:\Program Files (x86)\Intel\Intel(R) Management Engine Components\DAL;C:\Program Files\Intel\Intel(R) Management Engine Components\DAL;C:\Program Files (x86)\Intel\Intel(R) Management Engine Components\IPT;C:\Program Files\Intel\Intel(R) Management Engine Components\IPT;C:\Program Files\Intel\WiFi\bin\;C:\Program Files\Common Files\Intel\WirelessCommon\;C:\Program Files\Git\cmd;C:\Program Files\nodejs\;C:\Program Files\Amazon\AWSCLIV2\;C:\Program Files\Docker\Docker\resources\bin;C:\ProgramData\DockerDesktop\version-bin;C:\Program Files\apache-maven-3.6.3\bin;C:\Users\josep\AppData\Local\Microsoft\WindowsApps;C:\Program Files\Docker\Docker\resources\bin;C:\Users\josep\kube;C:\Users\josep\AppData\Roaming\npm;C:\Program Files (x86)\Vim\vim82;C:\Program Files\Java\jdk1.8.0_261\bin;
USERNAME=josep
OS=Windows_NT
PROCESSOR_IDENTIFIER=Intel64 Family 6 Model 142 Stepping 10, GenuineIntel



---------------  S Y S T E M  ---------------

OS: Windows 10.0 , 64 bit Build 18362 (10.0.18362.1110)

CPU:total 8 (initial active 8) (4 cores per cpu, 2 threads per core) family 6 model 142 stepping 10, cmov, cx8, fxsr, mmx, sse, sse2, sse3, ssse3, sse4.1, sse4.2, popcnt, avx, avx2, aes, clmul, erms, 3dnowpref, lzcnt, ht, tsc, tscinvbit, bmi1, bmi2, adx

Memory: 4k page, physical 12413004k(1152000k free), swap 12413004k(5124k free)

vm_info: Java HotSpot(TM) 64-Bit Server VM (25.261-b12) for windows-amd64 JRE (1.8.0_261-b12), built on Jun 18 2020 06:56:32 by "" with unknown MS VC++:1916

time: Thu Nov 19 01:05:13 2020
timezone: Pacific Standard Time
elapsed time: 1 seconds (0d 0h 0m 1s)

